<?xml version="1.0" encoding="UTF-8"?>
<testsuite xmlns:xsi="http://www.w3.org/2001/XMLSchema-instance" xsi:noNamespaceSchemaLocation="https://maven.apache.org/surefire/maven-surefire-plugin/xsd/surefire-test-report.xsd" name="TestSuite" time="0.821" tests="1" errors="0" skipped="0" failures="1">
  <properties>
    <property name="gopherProxySet" value="false"/>
    <property name="awt.toolkit" value="sun.lwawt.macosx.LWCToolkit"/>
    <property name="java.specification.version" value="11"/>
    <property name="sun.cpu.isalist" value=""/>
    <property name="sun.jnu.encoding" value="UTF-8"/>
    <property name="java.class.path" value="/Users/vend/Downloads/dockerImageBuild/target/test-classes:/Users/vend/Downloads/dockerImageBuild/target/classes:/Users/vend/.m2/repository/org/seleniumhq/selenium/selenium-server/2.48.0/selenium-server-2.48.0.jar:/Users/vend/.m2/repository/org/bouncycastle/bcprov-jdk15on/1.48/bcprov-jdk15on-1.48.jar:/Users/vend/.m2/repository/org/bouncycastle/bcpkix-jdk15on/1.48/bcpkix-jdk15on-1.48.jar:/Users/vend/.m2/repository/mx4j/mx4j-tools/3.0.1/mx4j-tools-3.0.1.jar:/Users/vend/.m2/repository/org/mortbay/jetty/servlet-api-2.5/6.1.9/servlet-api-2.5-6.1.9.jar:/Users/vend/.m2/repository/org/seleniumhq/selenium/jetty-repacked/9.2.13.v20150730/jetty-repacked-9.2.13.v20150730.jar:/Users/vend/.m2/repository/javax/servlet/javax.servlet-api/3.1.0/javax.servlet-api-3.1.0.jar:/Users/vend/.m2/repository/org/seleniumhq/selenium/jetty-rc-repacked/5/jetty-rc-repacked-5.jar:/Users/vend/.m2/repository/net/jcip/jcip-annotations/1.0/jcip-annotations-1.0.jar:/Users/vend/.m2/repository/org/seleniumhq/selenium/selenium-java/2.48.0/selenium-java-2.48.0.jar:/Users/vend/.m2/repository/org/seleniumhq/selenium/selenium-chrome-driver/2.48.0/selenium-chrome-driver-2.48.0.jar:/Users/vend/.m2/repository/org/seleniumhq/selenium/selenium-remote-driver/2.48.0/selenium-remote-driver-2.48.0.jar:/Users/vend/.m2/repository/cglib/cglib-nodep/2.1_3/cglib-nodep-2.1_3.jar:/Users/vend/.m2/repository/org/seleniumhq/selenium/selenium-api/2.48.0/selenium-api-2.48.0.jar:/Users/vend/.m2/repository/com/google/guava/guava/18.0/guava-18.0.jar:/Users/vend/.m2/repository/org/seleniumhq/selenium/selenium-edge-driver/2.48.0/selenium-edge-driver-2.48.0.jar:/Users/vend/.m2/repository/commons-io/commons-io/2.4/commons-io-2.4.jar:/Users/vend/.m2/repository/org/apache/commons/commons-exec/1.3/commons-exec-1.3.jar:/Users/vend/.m2/repository/org/seleniumhq/selenium/selenium-htmlunit-driver/2.48.0/selenium-htmlunit-driver-2.48.0.jar:/Users/vend/.m2/repository/net/sourceforge/htmlunit/htmlunit/2.18/htmlunit-2.18.jar:/Users/vend/.m2/repository/xalan/xalan/2.7.2/xalan-2.7.2.jar:/Users/vend/.m2/repository/xalan/serializer/2.7.2/serializer-2.7.2.jar:/Users/vend/.m2/repository/commons-collections/commons-collections/3.2.1/commons-collections-3.2.1.jar:/Users/vend/.m2/repository/org/apache/commons/commons-lang3/3.4/commons-lang3-3.4.jar:/Users/vend/.m2/repository/net/sourceforge/htmlunit/htmlunit-core-js/2.17/htmlunit-core-js-2.17.jar:/Users/vend/.m2/repository/xerces/xercesImpl/2.11.0/xercesImpl-2.11.0.jar:/Users/vend/.m2/repository/xml-apis/xml-apis/1.4.01/xml-apis-1.4.01.jar:/Users/vend/.m2/repository/net/sourceforge/nekohtml/nekohtml/1.9.22/nekohtml-1.9.22.jar:/Users/vend/.m2/repository/net/sourceforge/cssparser/cssparser/0.9.16/cssparser-0.9.16.jar:/Users/vend/.m2/repository/org/w3c/css/sac/1.3/sac-1.3.jar:/Users/vend/.m2/repository/org/eclipse/jetty/websocket/websocket-client/9.2.12.v20150709/websocket-client-9.2.12.v20150709.jar:/Users/vend/.m2/repository/org/eclipse/jetty/jetty-util/9.2.12.v20150709/jetty-util-9.2.12.v20150709.jar:/Users/vend/.m2/repository/org/eclipse/jetty/jetty-io/9.2.12.v20150709/jetty-io-9.2.12.v20150709.jar:/Users/vend/.m2/repository/org/eclipse/jetty/websocket/websocket-common/9.2.12.v20150709/websocket-common-9.2.12.v20150709.jar:/Users/vend/.m2/repository/org/eclipse/jetty/websocket/websocket-api/9.2.12.v20150709/websocket-api-9.2.12.v20150709.jar:/Users/vend/.m2/repository/org/seleniumhq/selenium/selenium-firefox-driver/2.48.0/selenium-firefox-driver-2.48.0.jar:/Users/vend/.m2/repository/org/seleniumhq/selenium/selenium-ie-driver/2.48.0/selenium-ie-driver-2.48.0.jar:/Users/vend/.m2/repository/net/java/dev/jna/jna/4.1.0/jna-4.1.0.jar:/Users/vend/.m2/repository/net/java/dev/jna/jna-platform/4.1.0/jna-platform-4.1.0.jar:/Users/vend/.m2/repository/org/seleniumhq/selenium/selenium-safari-driver/2.48.0/selenium-safari-driver-2.48.0.jar:/Users/vend/.m2/repository/org/seleniumhq/selenium/selenium-support/2.48.0/selenium-support-2.48.0.jar:/Users/vend/.m2/repository/org/webbitserver/webbit/0.4.14/webbit-0.4.14.jar:/Users/vend/.m2/repository/io/netty/netty/3.5.2.Final/netty-3.5.2.Final.jar:/Users/vend/.m2/repository/org/seleniumhq/selenium/selenium-leg-rc/2.48.0/selenium-leg-rc-2.48.0.jar:/Users/vend/.m2/repository/org/yaml/snakeyaml/1.8/snakeyaml-1.8.jar:/Users/vend/.m2/repository/commons-codec/commons-codec/1.10/commons-codec-1.10.jar:/Users/vend/.m2/repository/org/testng/testng/6.10/testng-6.10.jar:/Users/vend/.m2/repository/com/beust/jcommander/1.48/jcommander-1.48.jar:/Users/vend/.m2/repository/com/sun/mail/javax.mail/1.6.2/javax.mail-1.6.2.jar:/Users/vend/.m2/repository/javax/activation/activation/1.1/activation-1.1.jar:/Users/vend/.m2/repository/com/aventstack/extentreports/3.0.7/extentreports-3.0.7.jar:/Users/vend/.m2/repository/org/freemarker/freemarker/2.3.23/freemarker-2.3.23.jar:/Users/vend/.m2/repository/org/mongodb/mongodb-driver/3.3.0/mongodb-driver-3.3.0.jar:/Users/vend/.m2/repository/org/mongodb/bson/3.3.0/bson-3.3.0.jar:/Users/vend/.m2/repository/org/mongodb/mongodb-driver-core/3.3.0/mongodb-driver-core-3.3.0.jar:/Users/vend/.m2/repository/org/apache/httpcomponents/httpclient/4.5.2/httpclient-4.5.2.jar:/Users/vend/.m2/repository/org/apache/httpcomponents/httpcore/4.4.4/httpcore-4.4.4.jar:/Users/vend/.m2/repository/commons-logging/commons-logging/1.2/commons-logging-1.2.jar:/Users/vend/.m2/repository/org/apache/httpcomponents/httpmime/4.5.2/httpmime-4.5.2.jar:/Users/vend/.m2/repository/org/jsoup/jsoup/1.9.2/jsoup-1.9.2.jar:/Users/vend/.m2/repository/com/google/code/gson/gson/2.8.0/gson-2.8.0.jar:"/>
    <property name="java.vm.vendor" value="Oracle Corporation"/>
    <property name="sun.arch.data.model" value="64"/>
    <property name="java.vendor.url" value="https://openjdk.java.net/"/>
    <property name="user.timezone" value=""/>
    <property name="java.vm.specification.version" value="11"/>
    <property name="os.name" value="Mac OS X"/>
    <property name="sun.java.launcher" value="SUN_STANDARD"/>
    <property name="user.country" value="GB"/>
    <property name="sun.boot.library.path" value="/Library/Java/JavaVirtualMachines/jdk-11.0.13.jdk/Contents/Home/lib"/>
    <property name="sun.java.command" value="/Users/vend/Downloads/dockerImageBuild/target/surefire/surefirebooter14761129930375097602.jar /Users/vend/Downloads/dockerImageBuild/target/surefire 2022-07-19T12-09-36_587-jvmRun1 surefire5271694932387555829tmp surefire_06352198513997634248tmp"/>
    <property name="http.nonProxyHosts" value="local|*.local|169.254/16|*.169.254/16"/>
    <property name="jdk.debug" value="release"/>
    <property name="surefire.test.class.path" value="/Users/vend/Downloads/dockerImageBuild/target/test-classes:/Users/vend/Downloads/dockerImageBuild/target/classes:/Users/vend/.m2/repository/org/seleniumhq/selenium/selenium-server/2.48.0/selenium-server-2.48.0.jar:/Users/vend/.m2/repository/org/bouncycastle/bcprov-jdk15on/1.48/bcprov-jdk15on-1.48.jar:/Users/vend/.m2/repository/org/bouncycastle/bcpkix-jdk15on/1.48/bcpkix-jdk15on-1.48.jar:/Users/vend/.m2/repository/mx4j/mx4j-tools/3.0.1/mx4j-tools-3.0.1.jar:/Users/vend/.m2/repository/org/mortbay/jetty/servlet-api-2.5/6.1.9/servlet-api-2.5-6.1.9.jar:/Users/vend/.m2/repository/org/seleniumhq/selenium/jetty-repacked/9.2.13.v20150730/jetty-repacked-9.2.13.v20150730.jar:/Users/vend/.m2/repository/javax/servlet/javax.servlet-api/3.1.0/javax.servlet-api-3.1.0.jar:/Users/vend/.m2/repository/org/seleniumhq/selenium/jetty-rc-repacked/5/jetty-rc-repacked-5.jar:/Users/vend/.m2/repository/net/jcip/jcip-annotations/1.0/jcip-annotations-1.0.jar:/Users/vend/.m2/repository/org/seleniumhq/selenium/selenium-java/2.48.0/selenium-java-2.48.0.jar:/Users/vend/.m2/repository/org/seleniumhq/selenium/selenium-chrome-driver/2.48.0/selenium-chrome-driver-2.48.0.jar:/Users/vend/.m2/repository/org/seleniumhq/selenium/selenium-remote-driver/2.48.0/selenium-remote-driver-2.48.0.jar:/Users/vend/.m2/repository/cglib/cglib-nodep/2.1_3/cglib-nodep-2.1_3.jar:/Users/vend/.m2/repository/org/seleniumhq/selenium/selenium-api/2.48.0/selenium-api-2.48.0.jar:/Users/vend/.m2/repository/com/google/guava/guava/18.0/guava-18.0.jar:/Users/vend/.m2/repository/org/seleniumhq/selenium/selenium-edge-driver/2.48.0/selenium-edge-driver-2.48.0.jar:/Users/vend/.m2/repository/commons-io/commons-io/2.4/commons-io-2.4.jar:/Users/vend/.m2/repository/org/apache/commons/commons-exec/1.3/commons-exec-1.3.jar:/Users/vend/.m2/repository/org/seleniumhq/selenium/selenium-htmlunit-driver/2.48.0/selenium-htmlunit-driver-2.48.0.jar:/Users/vend/.m2/repository/net/sourceforge/htmlunit/htmlunit/2.18/htmlunit-2.18.jar:/Users/vend/.m2/repository/xalan/xalan/2.7.2/xalan-2.7.2.jar:/Users/vend/.m2/repository/xalan/serializer/2.7.2/serializer-2.7.2.jar:/Users/vend/.m2/repository/commons-collections/commons-collections/3.2.1/commons-collections-3.2.1.jar:/Users/vend/.m2/repository/org/apache/commons/commons-lang3/3.4/commons-lang3-3.4.jar:/Users/vend/.m2/repository/net/sourceforge/htmlunit/htmlunit-core-js/2.17/htmlunit-core-js-2.17.jar:/Users/vend/.m2/repository/xerces/xercesImpl/2.11.0/xercesImpl-2.11.0.jar:/Users/vend/.m2/repository/xml-apis/xml-apis/1.4.01/xml-apis-1.4.01.jar:/Users/vend/.m2/repository/net/sourceforge/nekohtml/nekohtml/1.9.22/nekohtml-1.9.22.jar:/Users/vend/.m2/repository/net/sourceforge/cssparser/cssparser/0.9.16/cssparser-0.9.16.jar:/Users/vend/.m2/repository/org/w3c/css/sac/1.3/sac-1.3.jar:/Users/vend/.m2/repository/org/eclipse/jetty/websocket/websocket-client/9.2.12.v20150709/websocket-client-9.2.12.v20150709.jar:/Users/vend/.m2/repository/org/eclipse/jetty/jetty-util/9.2.12.v20150709/jetty-util-9.2.12.v20150709.jar:/Users/vend/.m2/repository/org/eclipse/jetty/jetty-io/9.2.12.v20150709/jetty-io-9.2.12.v20150709.jar:/Users/vend/.m2/repository/org/eclipse/jetty/websocket/websocket-common/9.2.12.v20150709/websocket-common-9.2.12.v20150709.jar:/Users/vend/.m2/repository/org/eclipse/jetty/websocket/websocket-api/9.2.12.v20150709/websocket-api-9.2.12.v20150709.jar:/Users/vend/.m2/repository/org/seleniumhq/selenium/selenium-firefox-driver/2.48.0/selenium-firefox-driver-2.48.0.jar:/Users/vend/.m2/repository/org/seleniumhq/selenium/selenium-ie-driver/2.48.0/selenium-ie-driver-2.48.0.jar:/Users/vend/.m2/repository/net/java/dev/jna/jna/4.1.0/jna-4.1.0.jar:/Users/vend/.m2/repository/net/java/dev/jna/jna-platform/4.1.0/jna-platform-4.1.0.jar:/Users/vend/.m2/repository/org/seleniumhq/selenium/selenium-safari-driver/2.48.0/selenium-safari-driver-2.48.0.jar:/Users/vend/.m2/repository/org/seleniumhq/selenium/selenium-support/2.48.0/selenium-support-2.48.0.jar:/Users/vend/.m2/repository/org/webbitserver/webbit/0.4.14/webbit-0.4.14.jar:/Users/vend/.m2/repository/io/netty/netty/3.5.2.Final/netty-3.5.2.Final.jar:/Users/vend/.m2/repository/org/seleniumhq/selenium/selenium-leg-rc/2.48.0/selenium-leg-rc-2.48.0.jar:/Users/vend/.m2/repository/org/yaml/snakeyaml/1.8/snakeyaml-1.8.jar:/Users/vend/.m2/repository/commons-codec/commons-codec/1.10/commons-codec-1.10.jar:/Users/vend/.m2/repository/org/testng/testng/6.10/testng-6.10.jar:/Users/vend/.m2/repository/com/beust/jcommander/1.48/jcommander-1.48.jar:/Users/vend/.m2/repository/com/sun/mail/javax.mail/1.6.2/javax.mail-1.6.2.jar:/Users/vend/.m2/repository/javax/activation/activation/1.1/activation-1.1.jar:/Users/vend/.m2/repository/com/aventstack/extentreports/3.0.7/extentreports-3.0.7.jar:/Users/vend/.m2/repository/org/freemarker/freemarker/2.3.23/freemarker-2.3.23.jar:/Users/vend/.m2/repository/org/mongodb/mongodb-driver/3.3.0/mongodb-driver-3.3.0.jar:/Users/vend/.m2/repository/org/mongodb/bson/3.3.0/bson-3.3.0.jar:/Users/vend/.m2/repository/org/mongodb/mongodb-driver-core/3.3.0/mongodb-driver-core-3.3.0.jar:/Users/vend/.m2/repository/org/apache/httpcomponents/httpclient/4.5.2/httpclient-4.5.2.jar:/Users/vend/.m2/repository/org/apache/httpcomponents/httpcore/4.4.4/httpcore-4.4.4.jar:/Users/vend/.m2/repository/commons-logging/commons-logging/1.2/commons-logging-1.2.jar:/Users/vend/.m2/repository/org/apache/httpcomponents/httpmime/4.5.2/httpmime-4.5.2.jar:/Users/vend/.m2/repository/org/jsoup/jsoup/1.9.2/jsoup-1.9.2.jar:/Users/vend/.m2/repository/com/google/code/gson/gson/2.8.0/gson-2.8.0.jar:"/>
    <property name="sun.cpu.endian" value="little"/>
    <property name="user.home" value="/Users/vend"/>
    <property name="user.language" value="en"/>
    <property name="java.specification.vendor" value="Oracle Corporation"/>
    <property name="java.version.date" value="2021-10-19"/>
    <property name="java.home" value="/Library/Java/JavaVirtualMachines/jdk-11.0.13.jdk/Contents/Home"/>
    <property name="file.separator" value="/"/>
    <property name="basedir" value="/Users/vend/Downloads/dockerImageBuild"/>
    <property name="java.vm.compressedOopsMode" value="Zero based"/>
    <property name="line.separator" value="&#10;"/>
    <property name="java.specification.name" value="Java Platform API Specification"/>
    <property name="java.vm.specification.vendor" value="Oracle Corporation"/>
    <property name="java.awt.graphicsenv" value="sun.awt.CGraphicsEnvironment"/>
    <property name="surefire.real.class.path" value="/Users/vend/Downloads/dockerImageBuild/target/surefire/surefirebooter14761129930375097602.jar"/>
    <property name="sun.management.compiler" value="HotSpot 64-Bit Tiered Compilers"/>
    <property name="ftp.nonProxyHosts" value="local|*.local|169.254/16|*.169.254/16"/>
    <property name="java.runtime.version" value="11.0.13+10-LTS-370"/>
    <property name="user.name" value="vend"/>
    <property name="path.separator" value=":"/>
    <property name="os.version" value="11.4"/>
    <property name="java.runtime.name" value="Java(TM) SE Runtime Environment"/>
    <property name="file.encoding" value="UTF-8"/>
    <property name="java.vm.name" value="Java HotSpot(TM) 64-Bit Server VM"/>
    <property name="java.vendor.version" value="18.9"/>
    <property name="localRepository" value="/Users/vend/.m2/repository"/>
    <property name="java.vendor.url.bug" value="https://bugreport.java.com/bugreport/"/>
    <property name="java.io.tmpdir" value="/var/folders/hm/hkjjpmzd3t3b1t7thzrw4c_00000gn/T/"/>
    <property name="java.version" value="11.0.13"/>
    <property name="user.dir" value="/Users/vend/Downloads/dockerImageBuild"/>
    <property name="os.arch" value="x86_64"/>
    <property name="java.vm.specification.name" value="Java Virtual Machine Specification"/>
    <property name="java.awt.printerjob" value="sun.lwawt.macosx.CPrinterJob"/>
    <property name="sun.os.patch.level" value="unknown"/>
    <property name="java.library.path" value="/Users/vend/Library/Java/Extensions:/Library/Java/Extensions:/Network/Library/Java/Extensions:/System/Library/Java/Extensions:/usr/lib/java:."/>
    <property name="java.vendor" value="Oracle Corporation"/>
    <property name="java.vm.info" value="mixed mode"/>
    <property name="java.vm.version" value="11.0.13+10-LTS-370"/>
    <property name="sun.io.unicode.encoding" value="UnicodeBig"/>
    <property name="java.class.version" value="55.0"/>
    <property name="socksNonProxyHosts" value="local|*.local|169.254/16|*.169.254/16"/>
  </properties>
  <testcase name="testOne" classname="testscripts.firstTest" time="0.544">
    <failure message="Could not start a new session. Possible causes are invalid address of the remote server or browser start-up failure.&#10;Build info: version: &apos;2.48.0&apos;, revision: &apos;b7b081a4f1289f17e8ecd38bc67e137c2a12e34a&apos;, time: &apos;2015-10-07 09:50:14&apos;&#10;System info: host: &apos;VenDs-MacBook-Pro-6.local&apos;, ip: &apos;192.168.110.30&apos;, os.name: &apos;Mac OS X&apos;, os.arch: &apos;x86_64&apos;, os.version: &apos;11.4&apos;, java.version: &apos;11.0.13&apos;&#10;Driver info: driver.version: RemoteWebDriver" type="org.openqa.selenium.remote.UnreachableBrowserException">org.openqa.selenium.remote.UnreachableBrowserException: 
Could not start a new session. Possible causes are invalid address of the remote server or browser start-up failure.
Build info: version: '2.48.0', revision: 'b7b081a4f1289f17e8ecd38bc67e137c2a12e34a', time: '2015-10-07 09:50:14'
System info: host: 'VenDs-MacBook-Pro-6.local', ip: '192.168.110.30', os.name: 'Mac OS X', os.arch: 'x86_64', os.version: '11.4', java.version: '11.0.13'
Driver info: driver.version: RemoteWebDriver
	at testscripts.firstTest.testOne(firstTest.java:23)
Caused by: org.apache.http.conn.HttpHostConnectException: Connect to localhost:4444 [localhost/127.0.0.1, localhost/0:0:0:0:0:0:0:1] failed: Connection refused (Connection refused)
	at testscripts.firstTest.testOne(firstTest.java:23)
Caused by: java.net.ConnectException: Connection refused (Connection refused)
	at testscripts.firstTest.testOne(firstTest.java:23)
</failure>
    <system-out><![CDATA[null
]]></system-out>
  </testcase>
</testsuite>